<?xml version="1.0" encoding="UTF-8"?>
<!-- Generated by org.testng.reporters.JUnitReportReporter -->
<testsuite hostname="AsusVivobook" failures="0" tests="3" name="testngconcepts.dataProviderDemo" time="13.981" errors="0" timestamp="2024-08-23T22:01:00 IST" skipped="0">
  <testcase classname="testngconcepts.dataProviderDemo" name="login" time="4.157"/>
  <system-out/>
  <testcase classname="testngconcepts.dataProviderDemo" name="login" time="4.829"/>
  <system-out/>
  <testcase classname="testngconcepts.dataProviderDemo" name="login" time="4.995"/>
  <system-out/>
</testsuite> <!-- testngconcepts.dataProviderDemo -->
