<?xml version="1.0" encoding="UTF-8"?>
<!-- Generated by org.testng.reporters.JUnitReportReporter -->
<testsuite hostname="AsusVivobook" failures="0" tests="2" name="testcases.verifyLogin" time="13.241" errors="0" timestamp="2024-09-02T19:46:18 IST" skipped="0">
  <testcase classname="testcases.verifyLogin" name="verifyLoginWithValidData" time="7.301"/>
  <system-out/>
  <testcase classname="testcases.verifyLogin" name="verifyLoginWithInValidData" time="5.940"/>
  <system-out/>
</testsuite> <!-- testcases.verifyLogin -->
