<?xml version="1.0" encoding="UTF-8"?>
<!-- Generated by org.testng.reporters.JUnitReportReporter -->
<testsuite hostname="AsusVivobook" failures="0" tests="2" name="testingconcepts.demo1" time="0.017" errors="0" timestamp="2024-08-21T18:50:30 IST" skipped="0">
  <testcase classname="testingconcepts.demo1" name="method1" time="0.015"/>
  <system-out/>
  <testcase classname="testingconcepts.demo1" name="method2" time="0.002"/>
  <system-out/>
</testsuite> <!-- testingconcepts.demo1 -->
