<?xml version="1.0" encoding="UTF-8"?>
<!-- Generated by org.testng.reporters.JUnitReportReporter -->
<testsuite hostname="AsusVivobook" failures="0" tests="2" name="testngconcepts.dependsOn" time="0.017" errors="0" timestamp="2024-08-22T18:50:10 IST" skipped="0">
  <testcase classname="testngconcepts.dependsOn" name="method1" time="0.002"/>
  <system-out/>
  <testcase classname="testngconcepts.dependsOn" name="method2" time="0.015"/>
  <system-out/>
</testsuite> <!-- testngconcepts.dependsOn -->
