<?xml version="1.0" encoding="UTF-8"?>
<!-- Generated by org.testng.reporters.JUnitReportReporter -->
<testsuite hostname="AsusVivobook" failures="0" tests="3" name="testngconcepts.groupsDemo" time="0.009" errors="0" timestamp="2024-08-22T19:25:36 IST" skipped="0">
  <testcase classname="testngconcepts.groupsDemo" name="method1" time="0.007"/>
  <system-out/>
  <testcase classname="testngconcepts.groupsDemo" name="method3" time="0.000"/>
  <system-out/>
  <testcase classname="testngconcepts.groupsDemo" name="method2" time="0.002"/>
  <system-out/>
</testsuite> <!-- testngconcepts.groupsDemo -->
