<?xml version="1.0" encoding="UTF-8"?>
<!-- Generated by org.testng.reporters.JUnitReportReporter -->
<testsuite hostname="AsusVivobook" failures="0" tests="2" name="testingconcepts.demo2" time="0.021" errors="0" timestamp="2024-08-21T18:56:15 IST" skipped="0">
  <testcase classname="testingconcepts.demo2" name="method1" time="0.017"/>
  <system-out/>
  <testcase classname="testingconcepts.demo2" name="method2" time="0.004"/>
  <system-out/>
</testsuite> <!-- testingconcepts.demo2 -->
