<?xml version="1.0" encoding="UTF-8"?>
<!-- Generated by org.testng.reporters.JUnitReportReporter -->
<testsuite hostname="AsusVivobook" failures="0" tests="2" name="testcases.verifyRegistration" time="16.170" errors="0" timestamp="2024-09-02T19:46:17 IST" skipped="0">
  <testcase classname="testcases.verifyRegistration" name="verifyRegistrationWithValidData" time="5.991"/>
  <system-out/>
  <testcase classname="testcases.verifyRegistration" name="verifyRegistrationWithBlankData" time="10.179"/>
  <system-out/>
</testsuite> <!-- testcases.verifyRegistration -->
