<?xml version="1.0" encoding="UTF-8"?>
<!-- Generated by org.testng.reporters.JUnitReportReporter -->
<testsuite hostname="AsusVivobook" failures="0" tests="2" name="testngconcepts.demo2" time="0.003" errors="0" timestamp="2024-08-21T20:01:59 IST" skipped="0">
  <testcase classname="testngconcepts.demo2" name="method2" time="0.001"/>
  <system-out/>
  <testcase classname="testngconcepts.demo2" name="method1" time="0.002"/>
  <system-out/>
</testsuite> <!-- testngconcepts.demo2 -->
