<?xml version="1.0" encoding="UTF-8"?>
<!-- Generated by org.testng.reporters.JUnitReportReporter -->
<testsuite hostname="AsusVivobook" failures="0" tests="11" name="testngconcepts.DifferentAnnotations" time="0.035" errors="0" timestamp="2024-08-23T21:38:19 IST" skipped="1">
  <testcase classname="testngconcepts.DifferentAnnotations" name="method2" time="0.003"/>
  <system-out/>
  <testcase classname="testngconcepts.DifferentAnnotations" name="method2" time="0.001"/>
  <system-out/>
  <testcase classname="testngconcepts.DifferentAnnotations" name="method2" time="0.002"/>
  <system-out/>
  <testcase classname="testngconcepts.DifferentAnnotations" name="method2" time="0.002"/>
  <system-out/>
  <testcase classname="testngconcepts.DifferentAnnotations" name="method2" time="0.001"/>
  <system-out/>
  <testcase classname="testngconcepts.DifferentAnnotations" name="method2" time="0.019"/>
  <system-out/>
  <testcase classname="testngconcepts.DifferentAnnotations" name="method2" time="0.001"/>
  <system-out/>
  <testcase classname="testngconcepts.DifferentAnnotations" name="method2" time="0.002"/>
  <system-out/>
  <testcase classname="testngconcepts.DifferentAnnotations" name="method2" time="0.002"/>
  <system-out/>
  <testcase classname="testngconcepts.DifferentAnnotations" name="method2" time="0.002"/>
  <system-out/>
  <testcase classname="testngconcepts.DifferentAnnotations" name="method1">
    <skipped/>
  </testcase> <!-- method1 -->
  <system-out/>
</testsuite> <!-- testngconcepts.DifferentAnnotations -->
