<?xml version="1.0" encoding="UTF-8"?>
<!-- Generated by org.testng.reporters.JUnitReportReporter -->
<testsuite hostname="AsusVivobook" failures="0" tests="2" name="testngconcepts.priorityDemo" time="0.016" errors="0" timestamp="2024-08-21T20:17:14 IST" skipped="0">
  <testcase classname="testngconcepts.priorityDemo" name="Amethod2" time="0.014"/>
  <system-out/>
  <testcase classname="testngconcepts.priorityDemo" name="method1" time="0.002"/>
  <system-out/>
</testsuite> <!-- testngconcepts.priorityDemo -->
