<?xml version="1.0" encoding="UTF-8"?>
<!-- Generated by org.testng.reporters.JUnitReportReporter -->
<testsuite hostname="AsusVivobook" failures="0" tests="1" name="testngconcepts.parametersDemo" time="6.138" errors="0" timestamp="2024-08-23T08:19:04 IST" skipped="0">
  <testcase classname="testngconcepts.parametersDemo" name="login" time="6.138"/>
  <system-out/>
</testsuite> <!-- testngconcepts.parametersDemo -->
